mode: set
C:\Users\BaoBao\Desktop\hw5-handout\smash\smash.go:15.68,23.26 7 1
C:\Users\BaoBao\Desktop\hw5-handout\smash\smash.go:31.1,31.10 1 1
C:\Users\BaoBao\Desktop\hw5-handout\smash\smash.go:36.2,36.20 1 1
C:\Users\BaoBao\Desktop\hw5-handout\smash\smash.go:39.2,39.10 1 1
C:\Users\BaoBao\Desktop\hw5-handout\smash\smash.go:23.26,25.37 2 1
C:\Users\BaoBao\Desktop\hw5-handout\smash\smash.go:25.37,28.4 2 1
C:\Users\BaoBao\Desktop\hw5-handout\smash\smash.go:31.10,34.2 2 1
C:\Users\BaoBao\Desktop\hw5-handout\smash\smash.go:36.20,38.3 1 1
